build/app/intermediates/manifest_merge_blame_file/release/manifest-merger-blame-release-report.txt
1<?xml version="1.0" encoding="utf-8"?>
2<manifest xmlns:android="http://schemas.android.com/apk/res/android"
3    package="com.example.famile"
4    android:versionCode="4001"
5    android:versionName="1.0.0" >
6
7    <uses-sdk
8        android:minSdkVersion="18"
8-->src/main/AndroidManifest.xml
9        android:targetSdkVersion="29" />
9-->src/main/AndroidManifest.xml
10
11    <uses-permission android:name="android.permission.INTERNET" />
11-->src/main/AndroidManifest.xml:3:5-66
11-->src/main/AndroidManifest.xml:3:22-64
12    <uses-permission android:name="android.permission.ACCESS_FINE_LOCATION" />
12-->src/main/AndroidManifest.xml:4:5-79
12-->src/main/AndroidManifest.xml:4:22-76
13    <uses-permission android:name="android.permission.READ_EXTERNAL_STORAGE" />
13-->[:file_picker] AndroidManifest.xml:7:5-80
13-->[:file_picker] AndroidManifest.xml:7:22-77
14    <uses-permission android:name="android.permission.WRITE_EXTERNAL_STORAGE" />
14-->[:image_picker] AndroidManifest.xml:8:5-81
14-->[:image_picker] AndroidManifest.xml:8:22-78
15    <uses-permission android:name="android.permission.RECEIVE_BOOT_COMPLETED" />
15-->[:flutter_local_notifications] AndroidManifest.xml:7:5-81
15-->[:flutter_local_notifications] AndroidManifest.xml:7:22-78
16    <uses-permission android:name="android.permission.VIBRATE" />
16-->[:flutter_local_notifications] AndroidManifest.xml:8:5-66
16-->[:flutter_local_notifications] AndroidManifest.xml:8:22-63
17    <uses-permission android:name="android.permission.USE_FULL_SCREEN_INTENT" />
17-->[:flutter_local_notifications] AndroidManifest.xml:9:5-81
17-->[:flutter_local_notifications] AndroidManifest.xml:9:22-78
18    <uses-permission android:name="android.permission.ACCESS_NETWORK_STATE" />
18-->[:simple_connectivity] AndroidManifest.xml:7:5-79
18-->[:simple_connectivity] AndroidManifest.xml:7:22-76
19    <uses-permission android:name="android.permission.ACCESS_WIFI_STATE" />
19-->[:simple_connectivity] AndroidManifest.xml:8:5-76
19-->[:simple_connectivity] AndroidManifest.xml:8:22-73
20    <uses-permission android:name="android.permission.WAKE_LOCK" /> <!-- Required by older versions of Google Play services to create IID tokens -->
20-->[com.google.firebase:firebase-iid:21.0.1] AndroidManifest.xml:24:5-68
20-->[com.google.firebase:firebase-iid:21.0.1] AndroidManifest.xml:24:22-65
21    <uses-permission android:name="com.google.android.c2dm.permission.RECEIVE" />
21-->[com.google.firebase:firebase-iid:21.0.1] AndroidManifest.xml:26:5-82
21-->[com.google.firebase:firebase-iid:21.0.1] AndroidManifest.xml:26:22-79
22    <uses-permission android:name="com.google.android.finsky.permission.BIND_GET_INSTALL_REFERRER_SERVICE" />
22-->[com.google.android.gms:play-services-measurement:17.6.0] AndroidManifest.xml:26:5-110
22-->[com.google.android.gms:play-services-measurement:17.6.0] AndroidManifest.xml:26:22-107
23    <!--
24 io.flutter.app.FlutterApplication is an android.app.Application that
25         calls FlutterMain.startInitialization(this); in its onCreate method.
26         In most cases you can leave this as-is, but you if you want to provide
27         additional functionality it is fine to subclass or reimplement
28         FlutterApplication and put your custom class here.
29    -->
30    <!-- io.flutter.app.FlutterApplication -->
31    <application
31-->src/main/AndroidManifest.xml:11:5-54:19
32        android:name="com.example.famile.Application"
32-->src/main/AndroidManifest.xml:12:9-36
33        android:appComponentFactory="androidx.core.app.CoreComponentFactory"
33-->[androidx.core:core:1.3.1] AndroidManifest.xml:24:18-86
34        android:icon="@mipmap/ic_launcher"
34-->src/main/AndroidManifest.xml:14:9-43
35        android:label="Famile" >
35-->src/main/AndroidManifest.xml:13:9-31
36        <activity
36-->src/main/AndroidManifest.xml:16:9-48:20
37            android:name="com.example.famile.MainActivity"
37-->src/main/AndroidManifest.xml:17:13-41
38            android:configChanges="orientation|keyboardHidden|keyboard|screenSize|smallestScreenSize|locale|layoutDirection|fontScale|screenLayout|density|uiMode"
38-->src/main/AndroidManifest.xml:20:13-163
39            android:hardwareAccelerated="true"
39-->src/main/AndroidManifest.xml:21:13-47
40            android:launchMode="singleTop"
40-->src/main/AndroidManifest.xml:18:13-43
41            android:theme="@style/LaunchTheme"
41-->src/main/AndroidManifest.xml:19:13-47
42            android:windowSoftInputMode="adjustResize" >
42-->src/main/AndroidManifest.xml:22:13-55
43
44            <!--
45                 Specifies an Android theme to apply to this Activity as soon as
46                 the Android process has started. This theme is visible to the user
47                 while the Flutter UI initializes. After that, this theme continues
48                 to determine the Window background behind the Flutter UI.
49            -->
50            <meta-data
50-->src/main/AndroidManifest.xml:27:13-30:17
51                android:name="io.flutter.embedding.android.NormalTheme"
51-->src/main/AndroidManifest.xml:28:15-70
52                android:resource="@style/NormalTheme" />
52-->src/main/AndroidManifest.xml:29:15-52
53            <!--
54                 Displays an Android View that continues showing the launch screen
55                 Drawable until Flutter paints its first frame, then this splash
56                 screen fades out. A splash screen is useful to avoid any visual
57                 gap between the end of Android's launch screen and the painting of
58                 Flutter's first frame.
59            -->
60            <meta-data
60-->src/main/AndroidManifest.xml:36:13-39:17
61                android:name="io.flutter.embedding.android.SplashScreenDrawable"
61-->src/main/AndroidManifest.xml:37:15-79
62                android:resource="@drawable/launch_background" />
62-->src/main/AndroidManifest.xml:38:15-61
63
64            <intent-filter>
64-->src/main/AndroidManifest.xml:40:13-43:29
65                <action android:name="android.intent.action.MAIN" />
65-->src/main/AndroidManifest.xml:41:17-68
65-->src/main/AndroidManifest.xml:41:25-66
66
67                <category android:name="android.intent.category.LAUNCHER" />
67-->src/main/AndroidManifest.xml:42:17-76
67-->src/main/AndroidManifest.xml:42:27-74
68            </intent-filter>
69            <intent-filter>
69-->src/main/AndroidManifest.xml:44:13-47:29
70                <action android:name="FLUTTER_NOTIFICATION_CLICK" />
70-->src/main/AndroidManifest.xml:45:17-69
70-->src/main/AndroidManifest.xml:45:25-66
71
72                <category android:name="android.intent.category.DEFAULT" />
72-->src/main/AndroidManifest.xml:46:17-76
72-->src/main/AndroidManifest.xml:46:27-73
73            </intent-filter>
74        </activity>
75        <!--
76             Don't delete the meta-data below.
77             This is used by the Flutter tool to generate GeneratedPluginRegistrant.java
78        -->
79        <meta-data
79-->src/main/AndroidManifest.xml:51:9-53:33
80            android:name="flutterEmbedding"
80-->src/main/AndroidManifest.xml:52:13-44
81            android:value="2" />
81-->src/main/AndroidManifest.xml:53:13-30
82
83        <provider
83-->[com.sangcomz:FishBun:0.11.2] AndroidManifest.xml:12:9-20:20
84            android:name="com.sangcomz.fishbun.FishBunFileProvider"
84-->[com.sangcomz:FishBun:0.11.2] AndroidManifest.xml:13:13-68
85            android:authorities="com.example.famile.fishbunfileprovider"
85-->[com.sangcomz:FishBun:0.11.2] AndroidManifest.xml:14:13-71
86            android:exported="false"
86-->[com.sangcomz:FishBun:0.11.2] AndroidManifest.xml:15:13-37
87            android:grantUriPermissions="true" >
87-->[com.sangcomz:FishBun:0.11.2] AndroidManifest.xml:16:13-47
88            <meta-data
88-->[com.sangcomz:FishBun:0.11.2] AndroidManifest.xml:17:13-19:58
89                android:name="android.support.FILE_PROVIDER_PATHS"
89-->[com.sangcomz:FishBun:0.11.2] AndroidManifest.xml:18:17-67
90                android:resource="@xml/provider_paths" />
90-->[com.sangcomz:FishBun:0.11.2] AndroidManifest.xml:19:17-55
91        </provider>
92
93        <activity
93-->[com.sangcomz:FishBun:0.11.2] AndroidManifest.xml:22:9-25:51
94            android:name="com.sangcomz.fishbun.ui.album.AlbumActivity"
94-->[com.sangcomz:FishBun:0.11.2] AndroidManifest.xml:23:13-71
95            android:label="@string/album"
95-->[com.sangcomz:FishBun:0.11.2] AndroidManifest.xml:24:13-42
96            android:theme="@style/FishBunTheme" />
96-->[com.sangcomz:FishBun:0.11.2] AndroidManifest.xml:25:13-48
97        <activity
97-->[com.sangcomz:FishBun:0.11.2] AndroidManifest.xml:26:9-28:51
98            android:name="com.sangcomz.fishbun.ui.picker.PickerActivity"
98-->[com.sangcomz:FishBun:0.11.2] AndroidManifest.xml:27:13-73
99            android:theme="@style/FishBunTheme" />
99-->[com.sangcomz:FishBun:0.11.2] AndroidManifest.xml:28:13-48
100        <activity
100-->[com.sangcomz:FishBun:0.11.2] AndroidManifest.xml:29:9-31:54
101            android:name="com.sangcomz.fishbun.ui.detail.DetailActivity"
101-->[com.sangcomz:FishBun:0.11.2] AndroidManifest.xml:30:13-73
102            android:theme="@style/DetailViewTheme" />
102-->[com.sangcomz:FishBun:0.11.2] AndroidManifest.xml:31:13-51
103
104        <service android:name="io.flutter.plugins.firebasemessaging.FlutterFirebaseMessagingService" >
104-->[:firebase_messaging] AndroidManifest.xml:8:9-12:19
104-->[:firebase_messaging] AndroidManifest.xml:8:18-101
105            <intent-filter>
105-->[:firebase_messaging] AndroidManifest.xml:9:13-11:29
106                <action android:name="com.google.firebase.MESSAGING_EVENT" />
106-->[:firebase_messaging] AndroidManifest.xml:10:17-78
106-->[:firebase_messaging] AndroidManifest.xml:10:25-75
107            </intent-filter>
108        </service>
109        <service
109-->[:firebase_messaging] AndroidManifest.xml:13:9-17:19
110            android:name="com.google.firebase.components.ComponentDiscoveryService"
110-->[:firebase_messaging] AndroidManifest.xml:13:18-89
111            android:directBootAware="true"
111-->[com.google.firebase:firebase-common:19.5.0] AndroidManifest.xml:35:13-43
112            android:exported="false" >
112-->[com.google.firebase:firebase-messaging:21.0.1] AndroidManifest.xml:38:13-37
113            <meta-data
113-->[:firebase_messaging] AndroidManifest.xml:14:13-16:85
114                android:name="com.google.firebase.components:io.flutter.plugins.firebasemessaging.FlutterFirebaseAppRegistrar"
114-->[:firebase_messaging] AndroidManifest.xml:15:17-127
115                android:value="com.google.firebase.components.ComponentRegistrar" />
115-->[:firebase_messaging] AndroidManifest.xml:16:17-82
116            <meta-data
116-->[:firebase_core] AndroidManifest.xml:9:13-11:85
117                android:name="com.google.firebase.components:io.flutter.plugins.firebase.core.FlutterFirebaseCoreRegistrar"
117-->[:firebase_core] AndroidManifest.xml:10:17-124
118                android:value="com.google.firebase.components.ComponentRegistrar" />
118-->[:firebase_core] AndroidManifest.xml:11:17-82
119            <meta-data
119-->[com.google.firebase:firebase-messaging:21.0.1] AndroidManifest.xml:39:13-41:85
120                android:name="com.google.firebase.components:com.google.firebase.messaging.FirebaseMessagingRegistrar"
120-->[com.google.firebase:firebase-messaging:21.0.1] AndroidManifest.xml:40:17-119
121                android:value="com.google.firebase.components.ComponentRegistrar" />
121-->[com.google.firebase:firebase-messaging:21.0.1] AndroidManifest.xml:41:17-82
122            <meta-data
122-->[com.google.firebase:firebase-iid:21.0.1] AndroidManifest.xml:32:13-34:85
123                android:name="com.google.firebase.components:com.google.firebase.iid.Registrar"
123-->[com.google.firebase:firebase-iid:21.0.1] AndroidManifest.xml:33:17-96
124                android:value="com.google.firebase.components.ComponentRegistrar" />
124-->[com.google.firebase:firebase-iid:21.0.1] AndroidManifest.xml:34:17-82
125            <meta-data
125-->[com.google.android.gms:play-services-measurement-api:17.6.0] AndroidManifest.xml:30:13-32:85
126                android:name="com.google.firebase.components:com.google.firebase.analytics.connector.internal.AnalyticsConnectorRegistrar"
126-->[com.google.android.gms:play-services-measurement-api:17.6.0] AndroidManifest.xml:31:17-139
127                android:value="com.google.firebase.components.ComponentRegistrar" />
127-->[com.google.android.gms:play-services-measurement-api:17.6.0] AndroidManifest.xml:32:17-82
128            <meta-data
128-->[com.google.firebase:firebase-datatransport:17.0.10] AndroidManifest.xml:28:13-30:85
129                android:name="com.google.firebase.components:com.google.firebase.datatransport.TransportRegistrar"
129-->[com.google.firebase:firebase-datatransport:17.0.10] AndroidManifest.xml:29:17-115
130                android:value="com.google.firebase.components.ComponentRegistrar" />
130-->[com.google.firebase:firebase-datatransport:17.0.10] AndroidManifest.xml:30:17-82
131            <meta-data
131-->[com.google.firebase:firebase-installations:16.3.5] AndroidManifest.xml:18:13-20:85
132                android:name="com.google.firebase.components:com.google.firebase.installations.FirebaseInstallationsRegistrar"
132-->[com.google.firebase:firebase-installations:16.3.5] AndroidManifest.xml:19:17-127
133                android:value="com.google.firebase.components.ComponentRegistrar" />
133-->[com.google.firebase:firebase-installations:16.3.5] AndroidManifest.xml:20:17-82
134            <!--
135                This registrar is not defined in the dynamic-module-support sdk itself to allow non-firebase
136                clients to use it as well, by defining this registrar in their own core/common library.
137            -->
138            <meta-data
138-->[com.google.firebase:firebase-common:19.5.0] AndroidManifest.xml:43:13-45:85
139                android:name="com.google.firebase.components:com.google.firebase.dynamicloading.DynamicLoadingRegistrar"
139-->[com.google.firebase:firebase-common:19.5.0] AndroidManifest.xml:44:17-121
140                android:value="com.google.firebase.components.ComponentRegistrar" />
140-->[com.google.firebase:firebase-common:19.5.0] AndroidManifest.xml:45:17-82
141        </service>
142        <!--
143             FirebaseMessagingService performs security checks at runtime,
144             but set to not exported to explicitly avoid allowing another app to call it.
145        -->
146        <service
146-->[com.google.firebase:firebase-messaging:21.0.1] AndroidManifest.xml:28:9-35:19
147            android:name="com.google.firebase.messaging.FirebaseMessagingService"
147-->[com.google.firebase:firebase-messaging:21.0.1] AndroidManifest.xml:29:13-82
148            android:directBootAware="true"
148-->[com.google.firebase:firebase-messaging:21.0.1] AndroidManifest.xml:30:13-43
149            android:exported="false" >
149-->[com.google.firebase:firebase-messaging:21.0.1] AndroidManifest.xml:31:13-37
150            <intent-filter android:priority="-500" >
150-->[:firebase_messaging] AndroidManifest.xml:9:13-11:29
151                <action android:name="com.google.firebase.MESSAGING_EVENT" />
151-->[:firebase_messaging] AndroidManifest.xml:10:17-78
151-->[:firebase_messaging] AndroidManifest.xml:10:25-75
152            </intent-filter>
153        </service>
154
155        <provider
155-->[:image_picker] AndroidManifest.xml:11:9-19:20
156            android:name="io.flutter.plugins.imagepicker.ImagePickerFileProvider"
156-->[:image_picker] AndroidManifest.xml:12:13-82
157            android:authorities="com.example.famile.flutter.image_provider"
157-->[:image_picker] AndroidManifest.xml:13:13-74
158            android:exported="false"
158-->[:image_picker] AndroidManifest.xml:14:13-37
159            android:grantUriPermissions="true" >
159-->[:image_picker] AndroidManifest.xml:15:13-47
160            <meta-data
160-->[com.sangcomz:FishBun:0.11.2] AndroidManifest.xml:17:13-19:58
161                android:name="android.support.FILE_PROVIDER_PATHS"
161-->[com.sangcomz:FishBun:0.11.2] AndroidManifest.xml:18:17-67
162                android:resource="@xml/flutter_image_picker_file_paths" />
162-->[com.sangcomz:FishBun:0.11.2] AndroidManifest.xml:19:17-55
163        </provider>
164
165        <receiver android:name="com.dexterous.flutterlocalnotifications.ScheduledNotificationReceiver" />
165-->[:flutter_local_notifications] AndroidManifest.xml:12:9-106
165-->[:flutter_local_notifications] AndroidManifest.xml:12:19-103
166        <receiver android:name="com.dexterous.flutterlocalnotifications.ScheduledNotificationBootReceiver" >
166-->[:flutter_local_notifications] AndroidManifest.xml:13:9-20:20
166-->[:flutter_local_notifications] AndroidManifest.xml:13:19-107
167            <intent-filter>
167-->[:flutter_local_notifications] AndroidManifest.xml:14:13-19:29
168                <action android:name="android.intent.action.BOOT_COMPLETED" />
168-->[:flutter_local_notifications] AndroidManifest.xml:15:17-79
168-->[:flutter_local_notifications] AndroidManifest.xml:15:25-76
169                <action android:name="android.intent.action.MY_PACKAGE_REPLACED" />
169-->[:flutter_local_notifications] AndroidManifest.xml:16:17-84
169-->[:flutter_local_notifications] AndroidManifest.xml:16:25-81
170                <action android:name="android.intent.action.QUICKBOOT_POWERON" />
170-->[:flutter_local_notifications] AndroidManifest.xml:17:17-82
170-->[:flutter_local_notifications] AndroidManifest.xml:17:25-79
171                <action android:name="com.htc.intent.action.QUICKBOOT_POWERON" />
171-->[:flutter_local_notifications] AndroidManifest.xml:18:17-82
171-->[:flutter_local_notifications] AndroidManifest.xml:18:25-79
172            </intent-filter>
173        </receiver>
174
175        <provider
175-->[:share] AndroidManifest.xml:8:9-16:20
176            android:name="io.flutter.plugins.share.ShareFileProvider"
176-->[:share] AndroidManifest.xml:9:13-70
177            android:authorities="com.example.famile.flutter.share_provider"
177-->[:share] AndroidManifest.xml:10:13-74
178            android:exported="false"
178-->[:share] AndroidManifest.xml:11:13-37
179            android:grantUriPermissions="true" >
179-->[:share] AndroidManifest.xml:12:13-47
180            <meta-data
180-->[com.sangcomz:FishBun:0.11.2] AndroidManifest.xml:17:13-19:58
181                android:name="android.support.FILE_PROVIDER_PATHS"
181-->[com.sangcomz:FishBun:0.11.2] AndroidManifest.xml:18:17-67
182                android:resource="@xml/flutter_share_file_paths" />
182-->[com.sangcomz:FishBun:0.11.2] AndroidManifest.xml:19:17-55
183        </provider>
184
185        <receiver
185-->[com.google.firebase:firebase-iid:21.0.1] AndroidManifest.xml:37:9-44:20
186            android:name="com.google.firebase.iid.FirebaseInstanceIdReceiver"
186-->[com.google.firebase:firebase-iid:21.0.1] AndroidManifest.xml:38:13-78
187            android:exported="true"
187-->[com.google.firebase:firebase-iid:21.0.1] AndroidManifest.xml:39:13-36
188            android:permission="com.google.android.c2dm.permission.SEND" >
188-->[com.google.firebase:firebase-iid:21.0.1] AndroidManifest.xml:40:13-73
189            <intent-filter>
189-->[com.google.firebase:firebase-iid:21.0.1] AndroidManifest.xml:41:13-43:29
190                <action android:name="com.google.android.c2dm.intent.RECEIVE" />
190-->[com.google.firebase:firebase-iid:21.0.1] AndroidManifest.xml:42:17-81
190-->[com.google.firebase:firebase-iid:21.0.1] AndroidManifest.xml:42:25-78
191            </intent-filter>
192        </receiver>
193
194        <activity
194-->[com.google.android.gms:play-services-auth:17.0.0] AndroidManifest.xml:23:9-27:75
195            android:name="com.google.android.gms.auth.api.signin.internal.SignInHubActivity"
195-->[com.google.android.gms:play-services-auth:17.0.0] AndroidManifest.xml:24:13-93
196            android:excludeFromRecents="true"
196-->[com.google.android.gms:play-services-auth:17.0.0] AndroidManifest.xml:25:13-46
197            android:exported="false"
197-->[com.google.android.gms:play-services-auth:17.0.0] AndroidManifest.xml:26:13-37
198            android:theme="@android:style/Theme.Translucent.NoTitleBar" />
198-->[com.google.android.gms:play-services-auth:17.0.0] AndroidManifest.xml:27:13-72
199        <!--
200            Service handling Google Sign-In user revocation. For apps that do not integrate with
201            Google Sign-In, this service will never be started.
202        -->
203        <service
203-->[com.google.android.gms:play-services-auth:17.0.0] AndroidManifest.xml:33:9-36:110
204            android:name="com.google.android.gms.auth.api.signin.RevocationBoundService"
204-->[com.google.android.gms:play-services-auth:17.0.0] AndroidManifest.xml:34:13-89
205            android:exported="true"
205-->[com.google.android.gms:play-services-auth:17.0.0] AndroidManifest.xml:35:13-36
206            android:permission="com.google.android.gms.auth.api.signin.permission.REVOCATION_NOTIFICATION" />
206-->[com.google.android.gms:play-services-auth:17.0.0] AndroidManifest.xml:36:13-107
207
208        <activity
208-->[com.google.android.gms:play-services-base:17.2.1] AndroidManifest.xml:23:9-26:75
209            android:name="com.google.android.gms.common.api.GoogleApiActivity"
209-->[com.google.android.gms:play-services-base:17.2.1] AndroidManifest.xml:24:13-79
210            android:exported="false"
210-->[com.google.android.gms:play-services-base:17.2.1] AndroidManifest.xml:25:13-37
211            android:theme="@android:style/Theme.Translucent.NoTitleBar" />
211-->[com.google.android.gms:play-services-base:17.2.1] AndroidManifest.xml:26:13-72
212
213        <receiver
213-->[com.google.android.gms:play-services-measurement:17.6.0] AndroidManifest.xml:29:9-33:20
214            android:name="com.google.android.gms.measurement.AppMeasurementReceiver"
214-->[com.google.android.gms:play-services-measurement:17.6.0] AndroidManifest.xml:30:13-85
215            android:enabled="true"
215-->[com.google.android.gms:play-services-measurement:17.6.0] AndroidManifest.xml:31:13-35
216            android:exported="false" >
216-->[com.google.android.gms:play-services-measurement:17.6.0] AndroidManifest.xml:32:13-37
217        </receiver>
218
219        <service
219-->[com.google.android.gms:play-services-measurement:17.6.0] AndroidManifest.xml:35:9-38:40
220            android:name="com.google.android.gms.measurement.AppMeasurementService"
220-->[com.google.android.gms:play-services-measurement:17.6.0] AndroidManifest.xml:36:13-84
221            android:enabled="true"
221-->[com.google.android.gms:play-services-measurement:17.6.0] AndroidManifest.xml:37:13-35
222            android:exported="false" />
222-->[com.google.android.gms:play-services-measurement:17.6.0] AndroidManifest.xml:38:13-37
223        <service
223-->[com.google.android.gms:play-services-measurement:17.6.0] AndroidManifest.xml:39:9-43:72
224            android:name="com.google.android.gms.measurement.AppMeasurementJobService"
224-->[com.google.android.gms:play-services-measurement:17.6.0] AndroidManifest.xml:40:13-87
225            android:enabled="true"
225-->[com.google.android.gms:play-services-measurement:17.6.0] AndroidManifest.xml:41:13-35
226            android:exported="false"
226-->[com.google.android.gms:play-services-measurement:17.6.0] AndroidManifest.xml:42:13-37
227            android:permission="android.permission.BIND_JOB_SERVICE" />
227-->[com.google.android.gms:play-services-measurement:17.6.0] AndroidManifest.xml:43:13-69
228
229        <provider
229-->[com.google.firebase:firebase-common:19.5.0] AndroidManifest.xml:26:9-31:39
230            android:name="com.google.firebase.provider.FirebaseInitProvider"
230-->[com.google.firebase:firebase-common:19.5.0] AndroidManifest.xml:27:13-77
231            android:authorities="com.example.famile.firebaseinitprovider"
231-->[com.google.firebase:firebase-common:19.5.0] AndroidManifest.xml:28:13-72
232            android:directBootAware="true"
232-->[com.google.firebase:firebase-common:19.5.0] AndroidManifest.xml:29:13-43
233            android:exported="false"
233-->[com.google.firebase:firebase-common:19.5.0] AndroidManifest.xml:30:13-37
234            android:initOrder="100" />
234-->[com.google.firebase:firebase-common:19.5.0] AndroidManifest.xml:31:13-36
235
236        <meta-data
236-->[com.google.android.gms:play-services-basement:17.2.1] AndroidManifest.xml:23:9-25:69
237            android:name="com.google.android.gms.version"
237-->[com.google.android.gms:play-services-basement:17.2.1] AndroidManifest.xml:24:13-58
238            android:value="@integer/google_play_services_version" />
238-->[com.google.android.gms:play-services-basement:17.2.1] AndroidManifest.xml:25:13-66
239
240        <service
240-->[com.google.android.datatransport:transport-backend-cct:2.3.3] AndroidManifest.xml:29:9-35:19
241            android:name="com.google.android.datatransport.runtime.backends.TransportBackendDiscovery"
241-->[com.google.android.datatransport:transport-backend-cct:2.3.3] AndroidManifest.xml:30:13-103
242            android:exported="false" >
242-->[com.google.android.datatransport:transport-backend-cct:2.3.3] AndroidManifest.xml:31:13-37
243            <meta-data
243-->[com.google.android.datatransport:transport-backend-cct:2.3.3] AndroidManifest.xml:32:13-34:39
244                android:name="backend:com.google.android.datatransport.cct.CctBackendFactory"
244-->[com.google.android.datatransport:transport-backend-cct:2.3.3] AndroidManifest.xml:33:17-94
245                android:value="cct" />
245-->[com.google.android.datatransport:transport-backend-cct:2.3.3] AndroidManifest.xml:34:17-36
246        </service>
247        <service
247-->[com.google.android.datatransport:transport-runtime:2.2.5] AndroidManifest.xml:26:9-30:19
248            android:name="com.google.android.datatransport.runtime.scheduling.jobscheduling.JobInfoSchedulerService"
248-->[com.google.android.datatransport:transport-runtime:2.2.5] AndroidManifest.xml:27:13-117
249            android:exported="false"
249-->[com.google.android.datatransport:transport-runtime:2.2.5] AndroidManifest.xml:28:13-37
250            android:permission="android.permission.BIND_JOB_SERVICE" >
250-->[com.google.android.datatransport:transport-runtime:2.2.5] AndroidManifest.xml:29:13-69
251        </service>
252
253        <receiver
253-->[com.google.android.datatransport:transport-runtime:2.2.5] AndroidManifest.xml:32:9-34:40
254            android:name="com.google.android.datatransport.runtime.scheduling.jobscheduling.AlarmManagerSchedulerBroadcastReceiver"
254-->[com.google.android.datatransport:transport-runtime:2.2.5] AndroidManifest.xml:33:13-132
255            android:exported="false" />
255-->[com.google.android.datatransport:transport-runtime:2.2.5] AndroidManifest.xml:34:13-37
256    </application>
257
258</manifest>